2026-04-24 22:24:30,422 - INFO - starting process for Cliente[ID: <bound method Cliente.validar_id of <__main__.Cliente object at 0x0000020483826270>>, Name: Ana Garcia, Email: ana@fj.com]
2026-04-24 22:24:30,424 - INFO - Transaction completed successfully.
2026-04-24 22:24:30,425 - INFO - starting process for Cliente[ID: <bound method Cliente.validar_id of <__main__.Cliente object at 0x00000204835F5590>>, Name: Luis Perez, Email: luis@fj.com]
2026-04-24 22:24:30,425 - INFO - Transaction completed successfully.
2026-04-24 22:24:30,426 - INFO - starting process for Cliente[ID: <bound method Cliente.validar_id of <__main__.Cliente object at 0x000002048379AAD0>>, Name: Error User, Email: err@fj.com]
2026-04-24 22:24:30,427 - INFO - Transaction completed successfully.
2026-04-24 22:24:30,429 - INFO - starting process for Cliente[ID: <bound method Cliente.validar_id of <__main__.Cliente object at 0x00000204833BA9E0>>, Name: Marta Ruiz, Email: marta@fj.com]
2026-04-24 22:24:30,429 - ERROR - Reservation failed: Servicio 'Laptops Kit' is full
2026-04-24 22:24:30,430 - INFO - starting process for Cliente[ID: <bound method Cliente.validar_id of <__main__.Cliente object at 0x00000204838389D0>>, Name: Jose Gil, Email: jose@fj.com]
2026-04-24 22:24:30,430 - INFO - Transaction completed successfully.
2026-04-24 22:24:30,431 - INFO - starting process for Cliente[ID: <bound method Cliente.validar_id of <__main__.Cliente object at 0x0000020483600A70>>, Name: Rosa Sol, Email: rosa@fj.com]
2026-04-24 22:24:30,431 - INFO - Transaction completed successfully.
2026-04-24 22:24:30,432 - INFO - starting process for Cliente[ID: <bound method Cliente.validar_id of <__main__.Cliente object at 0x00000204835EC7C0>>, Name: Tester, Email: test@fj.com]
2026-04-24 22:24:30,432 - ERROR - Reservation failed: Servicio 'Laptops Kit' is full
2026-04-24 22:24:30,433 - INFO - starting process for Cliente[ID: <bound method Cliente.validar_id of <__main__.Cliente object at 0x00000204835EDAE0>>, Name: Ian Cook, Email: ian@fj.com]
2026-04-24 22:24:30,433 - INFO - Transaction completed successfully.
2026-04-24 22:24:30,434 - INFO - starting process for Cliente[ID: <bound method Cliente.validar_id of <__main__.Cliente object at 0x00000204835C3050>>, Name: No Name, Email: no@fj.com]
2026-04-24 22:24:30,435 - INFO - Transaction completed successfully.
2026-04-24 22:24:30,436 - INFO - starting process for Cliente[ID: <bound method Cliente.validar_id of <__main__.Cliente object at 0x00000204835C3750>>, Name: Eva Luna, Email: eva@fj.com]
2026-04-24 22:24:30,436 - INFO - Transaction completed successfully.
2026-05-03 17:30:47,440 - INFO - starting process for Cliente[ID: 1001 |Nombre: Ana Garcia |Email: ana@fj.com |Tel: 3001234567]
2026-05-03 17:30:47,441 - INFO - Transaction completed successfully.
2026-05-03 17:30:47,441 - INFO - starting process for Cliente[ID: 1002 |Nombre: Luis Perez |Email: luis@fj.com |Tel: 3109876543]
2026-05-03 17:30:47,441 - INFO - Transaction completed successfully.
2026-05-03 17:30:47,441 - INFO - starting process for Cliente[ID: 1003 |Nombre: Marta Ruiz |Email: marta@fj.com |Tel: 3205554433]
2026-05-03 17:30:47,441 - ERROR - Reservation failed: Servicio 'Laptops Kit' is full
2026-05-03 17:30:47,442 - INFO - starting process for Cliente[ID: 1004 |Nombre: Jose Gil |Email: jose@fj.com |Tel: 3157778899]
2026-05-03 17:30:47,442 - INFO - Transaction completed successfully.
2026-05-03 17:30:47,442 - INFO - starting process for Cliente[ID: 1005 |Nombre: Rosa Sol |Email: rosa@fj.com |Tel: 3001239876]
2026-05-03 17:30:47,442 - INFO - Transaction completed successfully.
2026-05-03 17:30:47,442 - INFO - starting process for Cliente[ID: 9999 |Nombre: Tester |Email: test@fj.com |Tel: 3209991234]
2026-05-03 17:30:47,442 - ERROR - Reservation failed: Servicio 'Laptops Kit' is full
2026-05-03 17:30:47,442 - INFO - starting process for Cliente[ID: 1006 |Nombre: Ian Cook |Email: ian@fj.com |Tel: 3151234321]
2026-05-03 17:30:47,442 - INFO - Transaction completed successfully.
2026-05-03 17:30:47,443 - INFO - starting process for Cliente[ID: 1007 |Nombre: Eva Luna |Email: eva@fj.com |Tel: 3104567890]
2026-05-03 17:30:47,443 - INFO - Transaction completed successfully.
2026-05-03 17:37:15,781 - INFO - starting process for Cliente[ID: 1001 |Nombre: Ana Garcia |Email: ana@fj.com |Tel: 3001234567]
2026-05-03 17:37:15,781 - INFO - Transaction completed successfully.
2026-05-03 17:37:15,782 - INFO - starting process for Cliente[ID: 1002 |Nombre: Luis Perez |Email: luis@fj.com |Tel: 3109876543]
2026-05-03 17:37:15,782 - INFO - Transaction completed successfully.
2026-05-03 17:37:15,783 - INFO - starting process for Cliente[ID: 1003 |Nombre: Marta Ruiz |Email: marta@fj.com |Tel: 3205554433]
2026-05-03 17:37:15,783 - ERROR - Reservation failed: Servicio 'Laptops Kit' is full
2026-05-03 17:37:15,784 - INFO - starting process for Cliente[ID: 1004 |Nombre: Jose Gil |Email: jose@fj.com |Tel: 3157778899]
2026-05-03 17:37:15,785 - INFO - Transaction completed successfully.
2026-05-03 17:37:15,786 - INFO - starting process for Cliente[ID: 1005 |Nombre: Rosa Sol |Email: rosa@fj.com |Tel: 3001239876]
2026-05-03 17:37:15,787 - INFO - Transaction completed successfully.
2026-05-03 17:37:15,788 - INFO - starting process for Cliente[ID: 9999 |Nombre: Tester |Email: test@fj.com |Tel: 3209991234]
2026-05-03 17:37:15,788 - ERROR - Reservation failed: Servicio 'Laptops Kit' is full
2026-05-03 17:37:15,788 - INFO - starting process for Cliente[ID: 1006 |Nombre: Ian Cook |Email: ian@fj.com |Tel: 3151234321]
2026-05-03 17:37:15,789 - INFO - Transaction completed successfully.
2026-05-03 17:37:15,790 - INFO - starting process for Cliente[ID: 1007 |Nombre: Eva Luna |Email: eva@fj.com |Tel: 3104567890]
2026-05-03 17:37:15,791 - INFO - Transaction completed successfully.
2026-05-03 21:58:18,354 - INFO - Registered service: S1
2026-05-03 21:58:18,354 - INFO - Registered service: S2
2026-05-03 21:58:18,354 - INFO - Registered service: S3
2026-05-03 21:58:18,354 - INFO - Registered customer: 1001
2026-05-03 21:58:18,354 - INFO - starting process for Cliente[ID: 1001 |Nombre: Ana Garcia |Email: ana@fj.com |Tel: 3001234567]
2026-05-03 21:58:18,354 - INFO - Transaction completed successfully.
2026-05-03 21:58:18,355 - INFO - Created reservation for client '1001' and service 'S1' with duration 5.
2026-05-03 21:58:18,355 - INFO - Registered customer: 1002
2026-05-03 21:58:18,355 - INFO - starting process for Cliente[ID: 1002 |Nombre: Luis Perez |Email: luis@fj.com |Tel: 3109876543]
2026-05-03 21:58:18,355 - INFO - Transaction completed successfully.
2026-05-03 21:58:18,355 - INFO - Created reservation for client '1002' and service 'S3' with duration 2.
2026-05-03 21:58:18,356 - WARNING - Failed to register customer: ID 'ABC' Solo se permiten numeros.
2026-05-03 21:58:18,356 - INFO - Registered customer: 1003
2026-05-03 21:58:18,356 - INFO - Registered customer: 1004
2026-05-03 21:58:18,357 - INFO - Registered customer: 1005
2026-05-03 21:58:18,357 - INFO - starting process for Cliente[ID: 1005 |Nombre: Rosa Sol |Email: rosa@fj.com |Tel: 3001239876]
2026-05-03 21:58:18,358 - INFO - Transaction completed successfully.
2026-05-03 21:58:18,358 - INFO - Created reservation for client '1005' and service 'S3' with duration 8.
2026-05-03 21:58:18,358 - INFO - Registered customer: 9999
2026-05-03 21:58:18,358 - INFO - Registered customer: 1006
2026-05-03 21:58:18,358 - INFO - starting process for Cliente[ID: 1006 |Nombre: Ian Cook |Email: ian@fj.com |Tel: 3151234321]
2026-05-03 21:58:18,358 - INFO - Transaction completed successfully.
2026-05-03 21:58:18,359 - INFO - Created reservation for client '1006' and service 'S1' with duration 2.
2026-05-03 21:58:18,359 - WARNING - Failed to register customer: ID 'INVALID' Solo se permiten numeros.
2026-05-03 21:58:18,359 - INFO - Registered customer: 1007
2026-05-03 21:58:18,359 - INFO - starting process for Cliente[ID: 1007 |Nombre: Eva Luna |Email: eva@fj.com |Tel: 3104567890]
2026-05-03 21:58:18,359 - INFO - Transaction completed successfully.
2026-05-03 21:58:18,360 - INFO - Created reservation for client '1007' and service 'S3' with duration 10.
2026-05-03 21:58:25,401 - INFO - Registered service: S1
2026-05-03 21:58:25,401 - INFO - Registered service: S2
2026-05-03 21:58:25,401 - INFO - Registered service: S3
2026-05-03 21:58:25,402 - INFO - Registered customer: 1001
2026-05-03 21:58:25,402 - INFO - starting process for Cliente[ID: 1001 |Nombre: Ana Garcia |Email: ana@fj.com |Tel: 3001234567]
2026-05-03 21:58:25,402 - INFO - Transaction completed successfully.
2026-05-03 21:58:25,402 - INFO - Created reservation for client '1001' and service 'S1' with duration 5.
2026-05-03 21:58:25,402 - INFO - Registered customer: 1002
2026-05-03 21:58:25,402 - INFO - starting process for Cliente[ID: 1002 |Nombre: Luis Perez |Email: luis@fj.com |Tel: 3109876543]
2026-05-03 21:58:25,402 - INFO - Transaction completed successfully.
2026-05-03 21:58:25,402 - INFO - Created reservation for client '1002' and service 'S3' with duration 2.
2026-05-03 21:58:25,402 - WARNING - Failed to register customer: ID 'ABC' Solo se permiten numeros.
2026-05-03 21:58:25,402 - INFO - Registered customer: 1003
2026-05-03 21:58:25,403 - INFO - Registered customer: 1004
2026-05-03 21:58:25,403 - INFO - Registered customer: 1005
2026-05-03 21:58:25,403 - INFO - starting process for Cliente[ID: 1005 |Nombre: Rosa Sol |Email: rosa@fj.com |Tel: 3001239876]
2026-05-03 21:58:25,403 - INFO - Transaction completed successfully.
2026-05-03 21:58:25,403 - INFO - Created reservation for client '1005' and service 'S3' with duration 8.
2026-05-03 21:58:25,404 - INFO - Registered customer: 9999
2026-05-03 21:58:25,404 - INFO - Registered customer: 1006
2026-05-03 21:58:25,404 - INFO - starting process for Cliente[ID: 1006 |Nombre: Ian Cook |Email: ian@fj.com |Tel: 3151234321]
2026-05-03 21:58:25,404 - INFO - Transaction completed successfully.
2026-05-03 21:58:25,404 - INFO - Created reservation for client '1006' and service 'S1' with duration 2.
2026-05-03 21:58:25,404 - WARNING - Failed to register customer: ID 'INVALID' Solo se permiten numeros.
2026-05-03 21:58:25,404 - INFO - Registered customer: 1007
2026-05-03 21:58:25,404 - INFO - starting process for Cliente[ID: 1007 |Nombre: Eva Luna |Email: eva@fj.com |Tel: 3104567890]
2026-05-03 21:58:25,405 - INFO - Transaction completed successfully.
2026-05-03 21:58:25,405 - INFO - Created reservation for client '1007' and service 'S3' with duration 10.
2026-05-03 22:05:23,538 - INFO - Registered service: S1
2026-05-03 22:05:23,538 - INFO - Registered service: S2
2026-05-03 22:05:23,539 - INFO - Registered service: S3
2026-05-03 22:05:23,539 - INFO - Registered customer: 1001
2026-05-03 22:05:23,539 - INFO - starting process for Cliente[ID: 1001 |Nombre: Ana Garcia |Email: ana@fj.com |Tel: 3001234567]
2026-05-03 22:05:23,539 - INFO - Transaction completed successfully.
2026-05-03 22:05:23,539 - INFO - Created reservation for client '1001' and service 'S1' with duration 5.
2026-05-03 22:05:23,539 - INFO - Registered customer: 1002
2026-05-03 22:05:23,539 - INFO - starting process for Cliente[ID: 1002 |Nombre: Luis Perez |Email: luis@fj.com |Tel: 3109876543]
2026-05-03 22:05:23,539 - INFO - Transaction completed successfully.
2026-05-03 22:05:23,540 - INFO - Created reservation for client '1002' and service 'S3' with duration 2.
2026-05-03 22:05:23,540 - WARNING - Failed to register customer: ID 'ABC' Solo se permiten numeros.
2026-05-03 22:05:23,540 - INFO - Registered customer: 1003
2026-05-03 22:05:23,540 - INFO - Registered customer: 1004
2026-05-03 22:05:23,541 - INFO - Registered customer: 1005
2026-05-03 22:05:23,541 - INFO - starting process for Cliente[ID: 1005 |Nombre: Rosa Sol |Email: rosa@fj.com |Tel: 3001239876]
2026-05-03 22:05:23,541 - INFO - Transaction completed successfully.
2026-05-03 22:05:23,541 - INFO - Created reservation for client '1005' and service 'S3' with duration 8.
2026-05-03 22:05:23,541 - INFO - Registered customer: 9999
2026-05-03 22:05:23,541 - INFO - Registered customer: 1006
2026-05-03 22:05:23,541 - INFO - starting process for Cliente[ID: 1006 |Nombre: Ian Cook |Email: ian@fj.com |Tel: 3151234321]
2026-05-03 22:05:23,541 - INFO - Transaction completed successfully.
2026-05-03 22:05:23,541 - INFO - Created reservation for client '1006' and service 'S1' with duration 2.
2026-05-03 22:05:23,542 - WARNING - Failed to register customer: ID 'INVALID' Solo se permiten numeros.
2026-05-03 22:05:23,542 - INFO - Registered customer: 1007
2026-05-03 22:05:23,542 - INFO - starting process for Cliente[ID: 1007 |Nombre: Eva Luna |Email: eva@fj.com |Tel: 3104567890]
2026-05-03 22:05:23,542 - INFO - Transaction completed successfully.
2026-05-03 22:05:23,542 - INFO - Created reservation for client '1007' and service 'S3' with duration 10.
2026-05-03 22:05:37,065 - INFO - Registered service: S1
2026-05-03 22:05:37,065 - INFO - Registered service: S2
2026-05-03 22:05:37,065 - INFO - Registered service: S3
2026-05-03 22:05:37,066 - INFO - Registered customer: 1001
2026-05-03 22:05:37,066 - INFO - starting process for Cliente[ID: 1001 |Nombre: Ana Garcia |Email: ana@fj.com |Tel: 3001234567]
2026-05-03 22:05:37,066 - INFO - Transaction completed successfully.
2026-05-03 22:05:37,066 - INFO - Created reservation for client '1001' and service 'S1' with duration 5.
2026-05-03 22:05:37,066 - INFO - Registered customer: 1002
2026-05-03 22:05:37,066 - INFO - starting process for Cliente[ID: 1002 |Nombre: Luis Perez |Email: luis@fj.com |Tel: 3109876543]
2026-05-03 22:05:37,067 - INFO - Transaction completed successfully.
2026-05-03 22:05:37,067 - INFO - Created reservation for client '1002' and service 'S3' with duration 2.
2026-05-03 22:05:37,067 - WARNING - Failed to register customer: ID 'ABC' Solo se permiten numeros.
2026-05-03 22:05:37,067 - INFO - Registered customer: 1003
2026-05-03 22:05:37,068 - INFO - Registered customer: 1004
2026-05-03 22:05:37,068 - INFO - Registered customer: 1005
2026-05-03 22:05:37,068 - INFO - starting process for Cliente[ID: 1005 |Nombre: Rosa Sol |Email: rosa@fj.com |Tel: 3001239876]
2026-05-03 22:05:37,068 - INFO - Transaction completed successfully.
2026-05-03 22:05:37,068 - INFO - Created reservation for client '1005' and service 'S3' with duration 8.
2026-05-03 22:05:37,069 - INFO - Registered customer: 9999
2026-05-03 22:05:37,069 - INFO - Registered customer: 1006
2026-05-03 22:05:37,069 - INFO - starting process for Cliente[ID: 1006 |Nombre: Ian Cook |Email: ian@fj.com |Tel: 3151234321]
2026-05-03 22:05:37,069 - INFO - Transaction completed successfully.
2026-05-03 22:05:37,069 - INFO - Created reservation for client '1006' and service 'S1' with duration 2.
2026-05-03 22:05:37,069 - WARNING - Failed to register customer: ID 'INVALID' Solo se permiten numeros.
2026-05-03 22:05:37,070 - INFO - Registered customer: 1007
2026-05-03 22:05:37,070 - INFO - starting process for Cliente[ID: 1007 |Nombre: Eva Luna |Email: eva@fj.com |Tel: 3104567890]
2026-05-03 22:05:37,070 - INFO - Transaction completed successfully.
2026-05-03 22:05:37,070 - INFO - Created reservation for client '1007' and service 'S3' with duration 10.
2026-05-04 08:25:13,070 - INFO - Registered service: S1
2026-05-04 08:25:13,071 - INFO - Registered service: S2
2026-05-04 08:25:13,071 - INFO - Registered service: S3
2026-05-04 08:25:13,071 - INFO - Registered customer: 1001
2026-05-04 08:25:13,072 - INFO - starting process for Cliente[ID: 1001 |Nombre: Ana Garcia |Email: ana@fj.com |Tel: 3001234567]
2026-05-04 08:25:13,072 - INFO - Transaction completed successfully.
2026-05-04 08:25:13,073 - INFO - Created reservation for client '1001' and service 'S1' with duration 5.
2026-05-04 08:25:13,073 - INFO - Registered customer: 1002
2026-05-04 08:25:13,073 - INFO - starting process for Cliente[ID: 1002 |Nombre: Luis Perez |Email: luis@fj.com |Tel: 3109876543]
2026-05-04 08:25:13,073 - INFO - Transaction completed successfully.
2026-05-04 08:25:13,074 - INFO - Created reservation for client '1002' and service 'S3' with duration 2.
2026-05-04 08:25:13,074 - WARNING - Failed to register customer: ID 'ABC' Solo se permiten numeros.
2026-05-04 08:25:13,074 - INFO - Registered customer: 1003
2026-05-04 08:25:13,074 - INFO - Registered customer: 1004
2026-05-04 08:25:13,075 - INFO - Registered customer: 1005
2026-05-04 08:25:13,075 - INFO - starting process for Cliente[ID: 1005 |Nombre: Rosa Sol |Email: rosa@fj.com |Tel: 3001239876]
2026-05-04 08:25:13,075 - INFO - Transaction completed successfully.
2026-05-04 08:25:13,075 - INFO - Created reservation for client '1005' and service 'S3' with duration 8.
2026-05-04 08:25:13,075 - INFO - Registered customer: 9999
2026-05-04 08:25:13,075 - INFO - Registered customer: 1006
2026-05-04 08:25:13,075 - INFO - starting process for Cliente[ID: 1006 |Nombre: Ian Cook |Email: ian@fj.com |Tel: 3151234321]
2026-05-04 08:25:13,076 - INFO - Transaction completed successfully.
2026-05-04 08:25:13,076 - INFO - Created reservation for client '1006' and service 'S1' with duration 2.
2026-05-04 08:25:13,076 - WARNING - Failed to register customer: ID 'INVALID' Solo se permiten numeros.
2026-05-04 08:25:13,077 - INFO - Registered customer: 1007
2026-05-04 08:25:13,077 - INFO - starting process for Cliente[ID: 1007 |Nombre: Eva Luna |Email: eva@fj.com |Tel: 3104567890]
2026-05-04 08:25:13,077 - INFO - Transaction completed successfully.
2026-05-04 08:25:13,077 - INFO - Created reservation for client '1007' and service 'S3' with duration 10.
2026-05-07 10:07:07,031 - INFO - Registered service: S1
2026-05-07 10:07:07,032 - INFO - Registered service: S2
2026-05-07 10:07:07,032 - INFO - Registered service: S3
2026-05-07 10:07:07,032 - INFO - Registered customer: 1001
2026-05-07 10:07:07,033 - INFO - starting process for Cliente[ID: 1001 |Nombre: Ana Garcia |Email: ana@fj.com |Tel: 3001234567]
2026-05-07 10:07:07,033 - INFO - Transaction completed successfully.
2026-05-07 10:07:07,034 - INFO - Created reservation for client '1001' and service 'S1' with duration 5.
2026-05-07 10:07:07,034 - INFO - Registered customer: 1002
2026-05-07 10:07:07,035 - INFO - starting process for Cliente[ID: 1002 |Nombre: Luis Perez |Email: luis@fj.com |Tel: 3109876543]
2026-05-07 10:07:07,035 - INFO - Transaction completed successfully.
2026-05-07 10:07:07,035 - INFO - Created reservation for client '1002' and service 'S3' with duration 2.
2026-05-07 10:07:07,036 - WARNING - Failed to register customer: ID 'ABC' Solo se permiten numeros.
2026-05-07 10:07:07,036 - INFO - Registered customer: 1003
2026-05-07 10:07:07,037 - INFO - Registered customer: 1004
2026-05-07 10:07:07,037 - INFO - Registered customer: 1005
2026-05-07 10:07:07,037 - INFO - starting process for Cliente[ID: 1005 |Nombre: Rosa Sol |Email: rosa@fj.com |Tel: 3001239876]
2026-05-07 10:07:07,038 - INFO - Transaction completed successfully.
2026-05-07 10:07:07,038 - INFO - Created reservation for client '1005' and service 'S3' with duration 8.
2026-05-07 10:07:07,038 - INFO - Registered customer: 9999
2026-05-07 10:07:07,039 - INFO - Registered customer: 1006
2026-05-07 10:07:07,039 - INFO - starting process for Cliente[ID: 1006 |Nombre: Ian Cook |Email: ian@fj.com |Tel: 3151234321]
2026-05-07 10:07:07,039 - INFO - Transaction completed successfully.
2026-05-07 10:07:07,039 - INFO - Created reservation for client '1006' and service 'S1' with duration 2.
2026-05-07 10:07:07,040 - WARNING - Failed to register customer: ID 'INVALID' Solo se permiten numeros.
2026-05-07 10:07:07,040 - INFO - Registered customer: 1007
2026-05-07 10:07:07,040 - INFO - starting process for Cliente[ID: 1007 |Nombre: Eva Luna |Email: eva@fj.com |Tel: 3104567890]
2026-05-07 10:07:07,040 - INFO - Transaction completed successfully.
2026-05-07 10:07:07,041 - INFO - Created reservation for client '1007' and service 'S3' with duration 10.
2026-05-07 10:20:38,701 - INFO - Registered service: S1
2026-05-07 10:20:38,701 - INFO - Registered service: S2
2026-05-07 10:20:38,701 - INFO - Registered service: S3
2026-05-07 10:20:38,702 - INFO - Registered customer: 1001
2026-05-07 10:20:38,702 - INFO - starting process for Cliente[ID: 1001 |Nombre: Ana Garcia |Email: ana@fj.com |Tel: 3001234567]
2026-05-07 10:20:38,702 - INFO - Transaction completed successfully.
2026-05-07 10:20:38,703 - INFO - Created reservation for client '1001' and service 'S1' with duration 5.
2026-05-07 10:20:38,703 - INFO - Registered customer: 1002
2026-05-07 10:20:38,703 - INFO - starting process for Cliente[ID: 1002 |Nombre: Luis Perez |Email: luis@fj.com |Tel: 3109876543]
2026-05-07 10:20:38,703 - INFO - Transaction completed successfully.
2026-05-07 10:20:38,703 - INFO - Created reservation for client '1002' and service 'S3' with duration 2.
2026-05-07 10:20:38,703 - WARNING - Failed to register customer: ID 'ABC' Solo se permiten numeros.
2026-05-07 10:20:38,704 - INFO - Registered customer: 1003
2026-05-07 10:20:38,704 - INFO - Registered customer: 1004
2026-05-07 10:20:38,704 - INFO - Registered customer: 1005
2026-05-07 10:20:38,704 - INFO - starting process for Cliente[ID: 1005 |Nombre: Rosa Sol |Email: rosa@fj.com |Tel: 3001239876]
2026-05-07 10:20:38,704 - INFO - Transaction completed successfully.
2026-05-07 10:20:38,705 - INFO - Created reservation for client '1005' and service 'S3' with duration 8.
2026-05-07 10:20:38,705 - INFO - Registered customer: 9999
2026-05-07 10:20:38,705 - INFO - Registered customer: 1006
2026-05-07 10:20:38,705 - INFO - starting process for Cliente[ID: 1006 |Nombre: Ian Cook |Email: ian@fj.com |Tel: 3151234321]
2026-05-07 10:20:38,705 - INFO - Transaction completed successfully.
2026-05-07 10:20:38,705 - INFO - Created reservation for client '1006' and service 'S1' with duration 2.
2026-05-07 10:20:38,705 - WARNING - Failed to register customer: ID 'INVALID' Solo se permiten numeros.
2026-05-07 10:20:38,705 - INFO - Registered customer: 1007
2026-05-07 10:20:38,705 - INFO - starting process for Cliente[ID: 1007 |Nombre: Eva Luna |Email: eva@fj.com |Tel: 3104567890]
2026-05-07 10:20:38,705 - INFO - Transaction completed successfully.
2026-05-07 10:20:38,706 - INFO - Created reservation for client '1007' and service 'S3' with duration 10.
